<?xml version="1.0" encoding="UTF-8"?>
<coverage generated="1639407778632" clover="3.2.0">
  <project timestamp="1639407778633" name="All files">
    <metrics statements="46" coveredstatements="43" conditionals="44" coveredconditionals="44" methods="6" coveredmethods="5" elements="96" coveredelements="92" complexity="0" loc="46" ncloc="46" packages="1" files="1" classes="1"/>
    <file name="classUser.js" path="C:\Users\Bax Musik\Desktop\Coders\alg_övningar\Login_CRUD\src\js\classUser.js">
      <metrics statements="46" coveredstatements="43" conditionals="44" coveredconditionals="44" methods="6" coveredmethods="5"/>
      <line num="18" count="52" type="stmt"/>
      <line num="19" count="52" type="stmt"/>
      <line num="20" count="52" type="stmt"/>
      <line num="22" count="52" type="stmt"/>
      <line num="32" count="16" type="stmt"/>
      <line num="33" count="16" type="stmt"/>
      <line num="34" count="16" type="stmt"/>
      <line num="37" count="16" type="cond" truecount="4" falsecount="0"/>
      <line num="40" count="15" type="cond" truecount="4" falsecount="0"/>
      <line num="43" count="12" type="cond" truecount="2" falsecount="0"/>
      <line num="44" count="4" type="stmt"/>
      <line num="45" count="4" type="stmt"/>
      <line num="46" count="8" type="stmt"/>
      <line num="49" count="8" type="stmt"/>
      <line num="50" count="61" type="cond" truecount="2" falsecount="0"/>
      <line num="51" count="58" type="cond" truecount="2" falsecount="0"/>
      <line num="52" count="33" type="stmt"/>
      <line num="54" count="5" type="cond" truecount="2" falsecount="0"/>
      <line num="62" count="14" type="stmt"/>
      <line num="63" count="14" type="stmt"/>
      <line num="64" count="14" type="stmt"/>
      <line num="65" count="14" type="stmt"/>
      <line num="66" count="14" type="stmt"/>
      <line num="69" count="14" type="cond" truecount="4" falsecount="0"/>
      <line num="72" count="13" type="cond" truecount="4" falsecount="0"/>
      <line num="75" count="10" type="stmt"/>
      <line num="76" count="63" type="cond" truecount="2" falsecount="0"/>
      <line num="77" count="61" type="cond" truecount="2" falsecount="0"/>
      <line num="78" count="52" type="cond" truecount="2" falsecount="0"/>
      <line num="79" count="38" type="cond" truecount="2" falsecount="0"/>
      <line num="80" count="29" type="stmt"/>
      <line num="82" count="8" type="cond" truecount="4" falsecount="0"/>
      <line num="92" count="12" type="stmt"/>
      <line num="93" count="56" type="cond" truecount="2" falsecount="0"/>
      <line num="95" count="6" type="stmt"/>
      <line num="105" count="9" type="stmt"/>
      <line num="107" count="24" type="cond" truecount="2" falsecount="0"/>
      <line num="109" count="9" type="cond" truecount="2" falsecount="0"/>
      <line num="112" count="3" type="stmt"/>
      <line num="113" count="3" type="cond" truecount="2" falsecount="0"/>
      <line num="115" count="1" type="stmt"/>
      <line num="120" count="3" type="stmt"/>
      <line num="128" count="0" type="stmt"/>
      <line num="130" count="0" type="stmt"/>
      <line num="131" count="0" type="stmt"/>
      <line num="135" count="1" type="stmt"/>
    </file>
  </project>
</coverage>
