<?xml version="1.0" encoding="UTF-8"?>
<coverage generated="1639558606061" clover="3.2.0">
  <project timestamp="1639558606062" name="All files">
    <metrics statements="46" coveredstatements="43" conditionals="40" coveredconditionals="40" methods="6" coveredmethods="5" elements="92" coveredelements="88" complexity="0" loc="46" ncloc="46" packages="1" files="1" classes="1"/>
    <file name="classUser.js" path="C:\Users\Bax Musik\Desktop\Coders\alg_övningar\Login_CRUD\src\js\classUser.js">
      <metrics statements="46" coveredstatements="43" conditionals="40" coveredconditionals="40" methods="6" coveredmethods="5"/>
      <line num="18" count="52" type="stmt"/>
      <line num="19" count="52" type="stmt"/>
      <line num="20" count="52" type="stmt"/>
      <line num="22" count="52" type="stmt"/>
      <line num="32" count="16" type="stmt"/>
      <line num="33" count="16" type="stmt"/>
      <line num="34" count="16" type="stmt"/>
      <line num="37" count="16" type="cond" truecount="2" falsecount="0"/>
      <line num="41" count="14" type="cond" truecount="4" falsecount="0"/>
      <line num="44" count="12" type="cond" truecount="2" falsecount="0"/>
      <line num="45" count="4" type="stmt"/>
      <line num="46" count="4" type="stmt"/>
      <line num="47" count="8" type="stmt"/>
      <line num="50" count="8" type="stmt"/>
      <line num="51" count="61" type="cond" truecount="2" falsecount="0"/>
      <line num="52" count="58" type="cond" truecount="2" falsecount="0"/>
      <line num="53" count="33" type="stmt"/>
      <line num="55" count="5" type="cond" truecount="2" falsecount="0"/>
      <line num="63" count="14" type="stmt"/>
      <line num="64" count="14" type="stmt"/>
      <line num="65" count="14" type="stmt"/>
      <line num="66" count="14" type="stmt"/>
      <line num="67" count="14" type="stmt"/>
      <line num="70" count="14" type="cond" truecount="2" falsecount="0"/>
      <line num="74" count="12" type="cond" truecount="4" falsecount="0"/>
      <line num="77" count="10" type="stmt"/>
      <line num="78" count="63" type="cond" truecount="2" falsecount="0"/>
      <line num="79" count="61" type="cond" truecount="2" falsecount="0"/>
      <line num="80" count="52" type="cond" truecount="2" falsecount="0"/>
      <line num="81" count="38" type="cond" truecount="2" falsecount="0"/>
      <line num="82" count="29" type="stmt"/>
      <line num="84" count="8" type="cond" truecount="4" falsecount="0"/>
      <line num="94" count="12" type="stmt"/>
      <line num="95" count="56" type="cond" truecount="2" falsecount="0"/>
      <line num="97" count="6" type="stmt"/>
      <line num="107" count="9" type="stmt"/>
      <line num="109" count="24" type="cond" truecount="2" falsecount="0"/>
      <line num="111" count="9" type="cond" truecount="2" falsecount="0"/>
      <line num="114" count="3" type="stmt"/>
      <line num="115" count="3" type="cond" truecount="2" falsecount="0"/>
      <line num="117" count="1" type="stmt"/>
      <line num="122" count="3" type="stmt"/>
      <line num="130" count="0" type="stmt"/>
      <line num="132" count="0" type="stmt"/>
      <line num="133" count="0" type="stmt"/>
      <line num="137" count="1" type="stmt"/>
    </file>
  </project>
</coverage>
