{"C:\\Users\\Bax Musik\\Desktop\\Coders\\alg_övningar\\Login_CRUD\\src\\js\\classUser.js": {"path":"C:\\Users\\Bax Musik\\Desktop\\Coders\\alg_övningar\\Login_CRUD\\src\\js\\classUser.js","statementMap":{"0":{"start":{"line":18,"column":8},"end":{"line":18,"column":29}},"1":{"start":{"line":19,"column":8},"end":{"line":19,"column":33}},"2":{"start":{"line":20,"column":8},"end":{"line":20,"column":27}},"3":{"start":{"line":22,"column":8},"end":{"line":22,"column":30}},"4":{"start":{"line":32,"column":21},"end":{"line":32,"column":26}},"5":{"start":{"line":32,"column":37},"end":{"line":32,"column":42}},"6":{"start":{"line":33,"column":32},"end":{"line":33,"column":64}},"7":{"start":{"line":34,"column":22},"end":{"line":34,"column":34}},"8":{"start":{"line":37,"column":8},"end":{"line":37,"column":38}},"9":{"start":{"line":37,"column":25},"end":{"line":37,"column":38}},"10":{"start":{"line":40,"column":8},"end":{"line":40,"column":76}},"11":{"start":{"line":40,"column":63},"end":{"line":40,"column":76}},"12":{"start":{"line":43,"column":8},"end":{"line":46,"column":33}},"13":{"start":{"line":44,"column":12},"end":{"line":44,"column":31}},"14":{"start":{"line":45,"column":12},"end":{"line":45,"column":24}},"15":{"start":{"line":46,"column":15},"end":{"line":46,"column":33}},"16":{"start":{"line":49,"column":8},"end":{"line":53,"column":9}},"17":{"start":{"line":49,"column":21},"end":{"line":49,"column":22}},"18":{"start":{"line":50,"column":12},"end":{"line":52,"column":31}},"19":{"start":{"line":50,"column":64},"end":{"line":50,"column":77}},"20":{"start":{"line":51,"column":17},"end":{"line":52,"column":31}},"21":{"start":{"line":51,"column":59},"end":{"line":51,"column":73}},"22":{"start":{"line":52,"column":17},"end":{"line":52,"column":31}},"23":{"start":{"line":54,"column":8},"end":{"line":54,"column":34}},"24":{"start":{"line":62,"column":26},"end":{"line":62,"column":31}},"25":{"start":{"line":62,"column":42},"end":{"line":62,"column":47}},"26":{"start":{"line":62,"column":58},"end":{"line":62,"column":63}},"27":{"start":{"line":62,"column":77},"end":{"line":62,"column":82}},"28":{"start":{"line":63,"column":32},"end":{"line":63,"column":63}},"29":{"start":{"line":64,"column":25},"end":{"line":64,"column":28}},"30":{"start":{"line":65,"column":22},"end":{"line":65,"column":34}},"31":{"start":{"line":66,"column":29},"end":{"line":66,"column":60}},"32":{"start":{"line":69,"column":8},"end":{"line":69,"column":40}},"33":{"start":{"line":69,"column":27},"end":{"line":69,"column":40}},"34":{"start":{"line":72,"column":8},"end":{"line":72,"column":80}},"35":{"start":{"line":72,"column":67},"end":{"line":72,"column":80}},"36":{"start":{"line":75,"column":8},"end":{"line":81,"column":9}},"37":{"start":{"line":75,"column":21},"end":{"line":75,"column":22}},"38":{"start":{"line":76,"column":12},"end":{"line":80,"column":31}},"39":{"start":{"line":76,"column":59},"end":{"line":76,"column":72}},"40":{"start":{"line":77,"column":17},"end":{"line":80,"column":31}},"41":{"start":{"line":77,"column":71},"end":{"line":77,"column":90}},"42":{"start":{"line":78,"column":17},"end":{"line":80,"column":31}},"43":{"start":{"line":78,"column":61},"end":{"line":78,"column":75}},"44":{"start":{"line":79,"column":17},"end":{"line":80,"column":31}},"45":{"start":{"line":79,"column":68},"end":{"line":79,"column":85}},"46":{"start":{"line":80,"column":17},"end":{"line":80,"column":31}},"47":{"start":{"line":82,"column":8},"end":{"line":82,"column":62}},"48":{"start":{"line":92,"column":8},"end":{"line":94,"column":9}},"49":{"start":{"line":92,"column":21},"end":{"line":92,"column":22}},"50":{"start":{"line":93,"column":12},"end":{"line":93,"column":101}},"51":{"start":{"line":93,"column":89},"end":{"line":93,"column":101}},"52":{"start":{"line":95,"column":8},"end":{"line":95,"column":21}},"53":{"start":{"line":105,"column":8},"end":{"line":119,"column":9}},"54":{"start":{"line":105,"column":21},"end":{"line":105,"column":22}},"55":{"start":{"line":107,"column":12},"end":{"line":118,"column":13}},"56":{"start":{"line":109,"column":16},"end":{"line":117,"column":17}},"57":{"start":{"line":109,"column":57},"end":{"line":109,"column":69}},"58":{"start":{"line":112,"column":20},"end":{"line":112,"column":47}},"59":{"start":{"line":113,"column":20},"end":{"line":116,"column":21}},"60":{"start":{"line":115,"column":24},"end":{"line":115,"column":43}},"61":{"start":{"line":120,"column":8},"end":{"line":120,"column":21}},"62":{"start":{"line":128,"column":8},"end":{"line":128,"column":69}},"63":{"start":{"line":130,"column":24},"end":{"line":130,"column":45}},"64":{"start":{"line":131,"column":8},"end":{"line":131,"column":53}},"65":{"start":{"line":135,"column":0},"end":{"line":135,"column":22}}},"fnMap":{"0":{"name":"(anonymous_0)","decl":{"start":{"line":17,"column":4},"end":{"line":17,"column":5}},"loc":{"start":{"line":17,"column":41},"end":{"line":23,"column":9}},"line":17},"1":{"name":"(anonymous_1)","decl":{"start":{"line":31,"column":4},"end":{"line":31,"column":5}},"loc":{"start":{"line":31,"column":28},"end":{"line":55,"column":5}},"line":31},"2":{"name":"(anonymous_2)","decl":{"start":{"line":61,"column":4},"end":{"line":61,"column":5}},"loc":{"start":{"line":61,"column":22},"end":{"line":83,"column":5}},"line":61},"3":{"name":"(anonymous_3)","decl":{"start":{"line":91,"column":4},"end":{"line":91,"column":5}},"loc":{"start":{"line":91,"column":24},"end":{"line":96,"column":5}},"line":91},"4":{"name":"(anonymous_4)","decl":{"start":{"line":104,"column":4},"end":{"line":104,"column":5}},"loc":{"start":{"line":104,"column":24},"end":{"line":121,"column":5}},"line":104},"5":{"name":"(anonymous_5)","decl":{"start":{"line":127,"column":4},"end":{"line":127,"column":5}},"loc":{"start":{"line":127,"column":20},"end":{"line":132,"column":5}},"line":127}},"branchMap":{"0":{"loc":{"start":{"line":37,"column":8},"end":{"line":37,"column":38}},"type":"if","locations":[{"start":{"line":37,"column":8},"end":{"line":37,"column":38}},{"start":{},"end":{}}],"line":37},"1":{"loc":{"start":{"line":40,"column":8},"end":{"line":40,"column":76}},"type":"if","locations":[{"start":{"line":40,"column":8},"end":{"line":40,"column":76}},{"start":{},"end":{}}],"line":40},"2":{"loc":{"start":{"line":40,"column":12},"end":{"line":40,"column":61}},"type":"binary-expr","locations":[{"start":{"line":40,"column":12},"end":{"line":40,"column":34}},{"start":{"line":40,"column":38},"end":{"line":40,"column":61}}],"line":40},"3":{"loc":{"start":{"line":43,"column":8},"end":{"line":46,"column":33}},"type":"if","locations":[{"start":{"line":43,"column":8},"end":{"line":46,"column":33}},{"start":{"line":46,"column":15},"end":{"line":46,"column":33}}],"line":43},"4":{"loc":{"start":{"line":50,"column":12},"end":{"line":52,"column":31}},"type":"if","locations":[{"start":{"line":50,"column":12},"end":{"line":52,"column":31}},{"start":{"line":51,"column":17},"end":{"line":52,"column":31}}],"line":50},"5":{"loc":{"start":{"line":51,"column":17},"end":{"line":52,"column":31}},"type":"if","locations":[{"start":{"line":51,"column":17},"end":{"line":52,"column":31}},{"start":{"line":52,"column":17},"end":{"line":52,"column":31}}],"line":51},"6":{"loc":{"start":{"line":54,"column":16},"end":{"line":54,"column":32}},"type":"binary-expr","locations":[{"start":{"line":54,"column":16},"end":{"line":54,"column":22}},{"start":{"line":54,"column":26},"end":{"line":54,"column":32}}],"line":54},"7":{"loc":{"start":{"line":69,"column":8},"end":{"line":69,"column":40}},"type":"if","locations":[{"start":{"line":69,"column":8},"end":{"line":69,"column":40}},{"start":{},"end":{}}],"line":69},"8":{"loc":{"start":{"line":72,"column":8},"end":{"line":72,"column":80}},"type":"if","locations":[{"start":{"line":72,"column":8},"end":{"line":72,"column":80}},{"start":{},"end":{}}],"line":72},"9":{"loc":{"start":{"line":72,"column":12},"end":{"line":72,"column":65}},"type":"binary-expr","locations":[{"start":{"line":72,"column":12},"end":{"line":72,"column":36}},{"start":{"line":72,"column":40},"end":{"line":72,"column":65}}],"line":72},"10":{"loc":{"start":{"line":76,"column":12},"end":{"line":80,"column":31}},"type":"if","locations":[{"start":{"line":76,"column":12},"end":{"line":80,"column":31}},{"start":{"line":77,"column":17},"end":{"line":80,"column":31}}],"line":76},"11":{"loc":{"start":{"line":77,"column":17},"end":{"line":80,"column":31}},"type":"if","locations":[{"start":{"line":77,"column":17},"end":{"line":80,"column":31}},{"start":{"line":78,"column":17},"end":{"line":80,"column":31}}],"line":77},"12":{"loc":{"start":{"line":78,"column":17},"end":{"line":80,"column":31}},"type":"if","locations":[{"start":{"line":78,"column":17},"end":{"line":80,"column":31}},{"start":{"line":79,"column":17},"end":{"line":80,"column":31}}],"line":78},"13":{"loc":{"start":{"line":79,"column":17},"end":{"line":80,"column":31}},"type":"if","locations":[{"start":{"line":79,"column":17},"end":{"line":80,"column":31}},{"start":{"line":80,"column":17},"end":{"line":80,"column":31}}],"line":79},"14":{"loc":{"start":{"line":82,"column":16},"end":{"line":82,"column":60}},"type":"binary-expr","locations":[{"start":{"line":82,"column":16},"end":{"line":82,"column":27}},{"start":{"line":82,"column":31},"end":{"line":82,"column":37}},{"start":{"line":82,"column":41},"end":{"line":82,"column":50}},{"start":{"line":82,"column":54},"end":{"line":82,"column":60}}],"line":82},"15":{"loc":{"start":{"line":93,"column":12},"end":{"line":93,"column":101}},"type":"if","locations":[{"start":{"line":93,"column":12},"end":{"line":93,"column":101}},{"start":{},"end":{}}],"line":93},"16":{"loc":{"start":{"line":107,"column":12},"end":{"line":118,"column":13}},"type":"if","locations":[{"start":{"line":107,"column":12},"end":{"line":118,"column":13}},{"start":{},"end":{}}],"line":107},"17":{"loc":{"start":{"line":109,"column":16},"end":{"line":117,"column":17}},"type":"if","locations":[{"start":{"line":109,"column":16},"end":{"line":117,"column":17}},{"start":{"line":111,"column":21},"end":{"line":117,"column":17}}],"line":109},"18":{"loc":{"start":{"line":113,"column":20},"end":{"line":116,"column":21}},"type":"if","locations":[{"start":{"line":113,"column":20},"end":{"line":116,"column":21}},{"start":{},"end":{}}],"line":113}},"s":{"0":52,"1":52,"2":52,"3":52,"4":16,"5":16,"6":16,"7":16,"8":16,"9":3,"10":13,"11":2,"12":11,"13":4,"14":4,"15":7,"16":7,"17":7,"18":60,"19":2,"20":58,"21":25,"22":33,"23":5,"24":14,"25":14,"26":14,"27":14,"28":14,"29":14,"30":14,"31":14,"32":14,"33":3,"34":11,"35":2,"36":9,"37":9,"38":62,"39":1,"40":61,"41":9,"42":52,"43":14,"44":38,"45":9,"46":29,"47":8,"48":12,"49":12,"50":56,"51":6,"52":6,"53":9,"54":9,"55":24,"56":9,"57":6,"58":3,"59":3,"60":1,"61":3,"62":0,"63":0,"64":0,"65":1},"f":{"0":52,"1":16,"2":14,"3":12,"4":9,"5":0},"b":{"0":[3,13],"1":[2,11],"2":[13,12],"3":[4,7],"4":[2,58],"5":[25,33],"6":[5,5],"7":[3,11],"8":[2,9],"9":[11,10],"10":[1,61],"11":[9,52],"12":[14,38],"13":[9,29],"14":[8,8,7,6],"15":[6,50],"16":[9,15],"17":[6,3],"18":[1,2]},"_coverageSchema":"1a1c01bbd47fc00a2c39e90264f33305004495a9","hash":"0670196a88122c9b478f269389d9fd1901eaa2b6"}
}
