{"C:\\Users\\Bax Musik\\Desktop\\Coders\\alg_övningar\\Login_CRUD\\src\\js\\classUser.js": {"path":"C:\\Users\\Bax Musik\\Desktop\\Coders\\alg_övningar\\Login_CRUD\\src\\js\\classUser.js","statementMap":{"0":{"start":{"line":18,"column":8},"end":{"line":18,"column":29}},"1":{"start":{"line":19,"column":8},"end":{"line":19,"column":33}},"2":{"start":{"line":20,"column":8},"end":{"line":20,"column":27}},"3":{"start":{"line":22,"column":8},"end":{"line":22,"column":30}},"4":{"start":{"line":32,"column":21},"end":{"line":32,"column":26}},"5":{"start":{"line":32,"column":37},"end":{"line":32,"column":42}},"6":{"start":{"line":33,"column":32},"end":{"line":33,"column":64}},"7":{"start":{"line":34,"column":22},"end":{"line":34,"column":34}},"8":{"start":{"line":37,"column":8},"end":{"line":37,"column":38}},"9":{"start":{"line":37,"column":25},"end":{"line":37,"column":38}},"10":{"start":{"line":41,"column":8},"end":{"line":41,"column":76}},"11":{"start":{"line":41,"column":63},"end":{"line":41,"column":76}},"12":{"start":{"line":44,"column":8},"end":{"line":47,"column":33}},"13":{"start":{"line":45,"column":12},"end":{"line":45,"column":31}},"14":{"start":{"line":46,"column":12},"end":{"line":46,"column":24}},"15":{"start":{"line":47,"column":15},"end":{"line":47,"column":33}},"16":{"start":{"line":50,"column":8},"end":{"line":54,"column":9}},"17":{"start":{"line":50,"column":21},"end":{"line":50,"column":22}},"18":{"start":{"line":51,"column":12},"end":{"line":53,"column":31}},"19":{"start":{"line":51,"column":64},"end":{"line":51,"column":77}},"20":{"start":{"line":52,"column":17},"end":{"line":53,"column":31}},"21":{"start":{"line":52,"column":59},"end":{"line":52,"column":73}},"22":{"start":{"line":53,"column":17},"end":{"line":53,"column":31}},"23":{"start":{"line":55,"column":8},"end":{"line":55,"column":34}},"24":{"start":{"line":63,"column":26},"end":{"line":63,"column":31}},"25":{"start":{"line":63,"column":42},"end":{"line":63,"column":47}},"26":{"start":{"line":63,"column":58},"end":{"line":63,"column":63}},"27":{"start":{"line":63,"column":77},"end":{"line":63,"column":82}},"28":{"start":{"line":64,"column":32},"end":{"line":64,"column":63}},"29":{"start":{"line":65,"column":25},"end":{"line":65,"column":28}},"30":{"start":{"line":66,"column":22},"end":{"line":66,"column":34}},"31":{"start":{"line":67,"column":29},"end":{"line":67,"column":60}},"32":{"start":{"line":70,"column":8},"end":{"line":70,"column":40}},"33":{"start":{"line":70,"column":27},"end":{"line":70,"column":40}},"34":{"start":{"line":74,"column":8},"end":{"line":74,"column":80}},"35":{"start":{"line":74,"column":67},"end":{"line":74,"column":80}},"36":{"start":{"line":77,"column":8},"end":{"line":83,"column":9}},"37":{"start":{"line":77,"column":21},"end":{"line":77,"column":22}},"38":{"start":{"line":78,"column":12},"end":{"line":82,"column":31}},"39":{"start":{"line":78,"column":59},"end":{"line":78,"column":72}},"40":{"start":{"line":79,"column":17},"end":{"line":82,"column":31}},"41":{"start":{"line":79,"column":71},"end":{"line":79,"column":90}},"42":{"start":{"line":80,"column":17},"end":{"line":82,"column":31}},"43":{"start":{"line":80,"column":61},"end":{"line":80,"column":75}},"44":{"start":{"line":81,"column":17},"end":{"line":82,"column":31}},"45":{"start":{"line":81,"column":68},"end":{"line":81,"column":85}},"46":{"start":{"line":82,"column":17},"end":{"line":82,"column":31}},"47":{"start":{"line":84,"column":8},"end":{"line":84,"column":62}},"48":{"start":{"line":94,"column":8},"end":{"line":96,"column":9}},"49":{"start":{"line":94,"column":21},"end":{"line":94,"column":22}},"50":{"start":{"line":95,"column":12},"end":{"line":95,"column":101}},"51":{"start":{"line":95,"column":89},"end":{"line":95,"column":101}},"52":{"start":{"line":97,"column":8},"end":{"line":97,"column":21}},"53":{"start":{"line":107,"column":8},"end":{"line":121,"column":9}},"54":{"start":{"line":107,"column":21},"end":{"line":107,"column":22}},"55":{"start":{"line":109,"column":12},"end":{"line":120,"column":13}},"56":{"start":{"line":111,"column":16},"end":{"line":119,"column":17}},"57":{"start":{"line":111,"column":57},"end":{"line":111,"column":69}},"58":{"start":{"line":114,"column":20},"end":{"line":114,"column":47}},"59":{"start":{"line":115,"column":20},"end":{"line":118,"column":21}},"60":{"start":{"line":117,"column":24},"end":{"line":117,"column":43}},"61":{"start":{"line":122,"column":8},"end":{"line":122,"column":21}},"62":{"start":{"line":130,"column":8},"end":{"line":130,"column":69}},"63":{"start":{"line":132,"column":24},"end":{"line":132,"column":45}},"64":{"start":{"line":133,"column":8},"end":{"line":133,"column":53}},"65":{"start":{"line":137,"column":0},"end":{"line":137,"column":22}}},"fnMap":{"0":{"name":"(anonymous_0)","decl":{"start":{"line":17,"column":4},"end":{"line":17,"column":5}},"loc":{"start":{"line":17,"column":41},"end":{"line":23,"column":9}},"line":17},"1":{"name":"(anonymous_1)","decl":{"start":{"line":31,"column":4},"end":{"line":31,"column":5}},"loc":{"start":{"line":31,"column":28},"end":{"line":56,"column":5}},"line":31},"2":{"name":"(anonymous_2)","decl":{"start":{"line":62,"column":4},"end":{"line":62,"column":5}},"loc":{"start":{"line":62,"column":22},"end":{"line":85,"column":5}},"line":62},"3":{"name":"(anonymous_3)","decl":{"start":{"line":93,"column":4},"end":{"line":93,"column":5}},"loc":{"start":{"line":93,"column":24},"end":{"line":98,"column":5}},"line":93},"4":{"name":"(anonymous_4)","decl":{"start":{"line":106,"column":4},"end":{"line":106,"column":5}},"loc":{"start":{"line":106,"column":24},"end":{"line":123,"column":5}},"line":106},"5":{"name":"(anonymous_5)","decl":{"start":{"line":129,"column":4},"end":{"line":129,"column":5}},"loc":{"start":{"line":129,"column":20},"end":{"line":134,"column":5}},"line":129}},"branchMap":{"0":{"loc":{"start":{"line":37,"column":8},"end":{"line":37,"column":38}},"type":"if","locations":[{"start":{"line":37,"column":8},"end":{"line":37,"column":38}},{"start":{},"end":{}}],"line":37},"1":{"loc":{"start":{"line":41,"column":8},"end":{"line":41,"column":76}},"type":"if","locations":[{"start":{"line":41,"column":8},"end":{"line":41,"column":76}},{"start":{},"end":{}}],"line":41},"2":{"loc":{"start":{"line":41,"column":12},"end":{"line":41,"column":61}},"type":"binary-expr","locations":[{"start":{"line":41,"column":12},"end":{"line":41,"column":34}},{"start":{"line":41,"column":38},"end":{"line":41,"column":61}}],"line":41},"3":{"loc":{"start":{"line":44,"column":8},"end":{"line":47,"column":33}},"type":"if","locations":[{"start":{"line":44,"column":8},"end":{"line":47,"column":33}},{"start":{"line":47,"column":15},"end":{"line":47,"column":33}}],"line":44},"4":{"loc":{"start":{"line":51,"column":12},"end":{"line":53,"column":31}},"type":"if","locations":[{"start":{"line":51,"column":12},"end":{"line":53,"column":31}},{"start":{"line":52,"column":17},"end":{"line":53,"column":31}}],"line":51},"5":{"loc":{"start":{"line":52,"column":17},"end":{"line":53,"column":31}},"type":"if","locations":[{"start":{"line":52,"column":17},"end":{"line":53,"column":31}},{"start":{"line":53,"column":17},"end":{"line":53,"column":31}}],"line":52},"6":{"loc":{"start":{"line":55,"column":16},"end":{"line":55,"column":32}},"type":"binary-expr","locations":[{"start":{"line":55,"column":16},"end":{"line":55,"column":22}},{"start":{"line":55,"column":26},"end":{"line":55,"column":32}}],"line":55},"7":{"loc":{"start":{"line":70,"column":8},"end":{"line":70,"column":40}},"type":"if","locations":[{"start":{"line":70,"column":8},"end":{"line":70,"column":40}},{"start":{},"end":{}}],"line":70},"8":{"loc":{"start":{"line":74,"column":8},"end":{"line":74,"column":80}},"type":"if","locations":[{"start":{"line":74,"column":8},"end":{"line":74,"column":80}},{"start":{},"end":{}}],"line":74},"9":{"loc":{"start":{"line":74,"column":12},"end":{"line":74,"column":65}},"type":"binary-expr","locations":[{"start":{"line":74,"column":12},"end":{"line":74,"column":36}},{"start":{"line":74,"column":40},"end":{"line":74,"column":65}}],"line":74},"10":{"loc":{"start":{"line":78,"column":12},"end":{"line":82,"column":31}},"type":"if","locations":[{"start":{"line":78,"column":12},"end":{"line":82,"column":31}},{"start":{"line":79,"column":17},"end":{"line":82,"column":31}}],"line":78},"11":{"loc":{"start":{"line":79,"column":17},"end":{"line":82,"column":31}},"type":"if","locations":[{"start":{"line":79,"column":17},"end":{"line":82,"column":31}},{"start":{"line":80,"column":17},"end":{"line":82,"column":31}}],"line":79},"12":{"loc":{"start":{"line":80,"column":17},"end":{"line":82,"column":31}},"type":"if","locations":[{"start":{"line":80,"column":17},"end":{"line":82,"column":31}},{"start":{"line":81,"column":17},"end":{"line":82,"column":31}}],"line":80},"13":{"loc":{"start":{"line":81,"column":17},"end":{"line":82,"column":31}},"type":"if","locations":[{"start":{"line":81,"column":17},"end":{"line":82,"column":31}},{"start":{"line":82,"column":17},"end":{"line":82,"column":31}}],"line":81},"14":{"loc":{"start":{"line":84,"column":16},"end":{"line":84,"column":60}},"type":"binary-expr","locations":[{"start":{"line":84,"column":16},"end":{"line":84,"column":27}},{"start":{"line":84,"column":31},"end":{"line":84,"column":37}},{"start":{"line":84,"column":41},"end":{"line":84,"column":50}},{"start":{"line":84,"column":54},"end":{"line":84,"column":60}}],"line":84},"15":{"loc":{"start":{"line":95,"column":12},"end":{"line":95,"column":101}},"type":"if","locations":[{"start":{"line":95,"column":12},"end":{"line":95,"column":101}},{"start":{},"end":{}}],"line":95},"16":{"loc":{"start":{"line":109,"column":12},"end":{"line":120,"column":13}},"type":"if","locations":[{"start":{"line":109,"column":12},"end":{"line":120,"column":13}},{"start":{},"end":{}}],"line":109},"17":{"loc":{"start":{"line":111,"column":16},"end":{"line":119,"column":17}},"type":"if","locations":[{"start":{"line":111,"column":16},"end":{"line":119,"column":17}},{"start":{"line":113,"column":21},"end":{"line":119,"column":17}}],"line":111},"18":{"loc":{"start":{"line":115,"column":20},"end":{"line":118,"column":21}},"type":"if","locations":[{"start":{"line":115,"column":20},"end":{"line":118,"column":21}},{"start":{},"end":{}}],"line":115}},"s":{"0":52,"1":52,"2":52,"3":52,"4":16,"5":16,"6":16,"7":16,"8":16,"9":2,"10":14,"11":2,"12":12,"13":4,"14":4,"15":8,"16":8,"17":8,"18":61,"19":3,"20":58,"21":25,"22":33,"23":5,"24":14,"25":14,"26":14,"27":14,"28":14,"29":14,"30":14,"31":14,"32":14,"33":2,"34":12,"35":2,"36":10,"37":10,"38":63,"39":2,"40":61,"41":9,"42":52,"43":14,"44":38,"45":9,"46":29,"47":8,"48":12,"49":12,"50":56,"51":6,"52":6,"53":9,"54":9,"55":24,"56":9,"57":6,"58":3,"59":3,"60":1,"61":3,"62":0,"63":0,"64":0,"65":1},"f":{"0":52,"1":16,"2":14,"3":12,"4":9,"5":0},"b":{"0":[2,14],"1":[2,12],"2":[14,13],"3":[4,8],"4":[3,58],"5":[25,33],"6":[5,5],"7":[2,12],"8":[2,10],"9":[12,11],"10":[2,61],"11":[9,52],"12":[14,38],"13":[9,29],"14":[8,8,7,6],"15":[6,50],"16":[9,15],"17":[6,3],"18":[1,2]},"_coverageSchema":"1a1c01bbd47fc00a2c39e90264f33305004495a9","hash":"328181245c19e8ab850b6a23ffa86ff079532db2"}
}
