TN:
SF:src\js\classUser.js
FN:17,(anonymous_0)
FN:31,(anonymous_1)
FN:62,(anonymous_2)
FN:93,(anonymous_3)
FN:106,(anonymous_4)
FN:129,(anonymous_5)
FNF:6
FNH:5
FNDA:52,(anonymous_0)
FNDA:16,(anonymous_1)
FNDA:14,(anonymous_2)
FNDA:12,(anonymous_3)
FNDA:9,(anonymous_4)
FNDA:0,(anonymous_5)
DA:18,52
DA:19,52
DA:20,52
DA:22,52
DA:32,16
DA:33,16
DA:34,16
DA:37,16
DA:41,14
DA:44,12
DA:45,4
DA:46,4
DA:47,8
DA:50,8
DA:51,61
DA:52,58
DA:53,33
DA:55,5
DA:63,14
DA:64,14
DA:65,14
DA:66,14
DA:67,14
DA:70,14
DA:74,12
DA:77,10
DA:78,63
DA:79,61
DA:80,52
DA:81,38
DA:82,29
DA:84,8
DA:94,12
DA:95,56
DA:97,6
DA:107,9
DA:109,24
DA:111,9
DA:114,3
DA:115,3
DA:117,1
DA:122,3
DA:130,0
DA:132,0
DA:133,0
DA:137,1
LF:46
LH:43
BRDA:37,0,0,2
BRDA:37,0,1,14
BRDA:41,1,0,2
BRDA:41,1,1,12
BRDA:41,2,0,14
BRDA:41,2,1,13
BRDA:44,3,0,4
BRDA:44,3,1,8
BRDA:51,4,0,3
BRDA:51,4,1,58
BRDA:52,5,0,25
BRDA:52,5,1,33
BRDA:55,6,0,5
BRDA:55,6,1,5
BRDA:70,7,0,2
BRDA:70,7,1,12
BRDA:74,8,0,2
BRDA:74,8,1,10
BRDA:74,9,0,12
BRDA:74,9,1,11
BRDA:78,10,0,2
BRDA:78,10,1,61
BRDA:79,11,0,9
BRDA:79,11,1,52
BRDA:80,12,0,14
BRDA:80,12,1,38
BRDA:81,13,0,9
BRDA:81,13,1,29
BRDA:84,14,0,8
BRDA:84,14,1,8
BRDA:84,14,2,7
BRDA:84,14,3,6
BRDA:95,15,0,6
BRDA:95,15,1,50
BRDA:109,16,0,9
BRDA:109,16,1,15
BRDA:111,17,0,6
BRDA:111,17,1,3
BRDA:115,18,0,1
BRDA:115,18,1,2
BRF:40
BRH:40
end_of_record
