TN:
SF:src\js\classUser.js
FN:17,(anonymous_0)
FN:31,(anonymous_1)
FN:61,(anonymous_2)
FN:91,(anonymous_3)
FN:104,(anonymous_4)
FN:127,(anonymous_5)
FNF:6
FNH:5
FNDA:52,(anonymous_0)
FNDA:16,(anonymous_1)
FNDA:14,(anonymous_2)
FNDA:12,(anonymous_3)
FNDA:9,(anonymous_4)
FNDA:0,(anonymous_5)
DA:18,52
DA:19,52
DA:20,52
DA:22,52
DA:32,16
DA:33,16
DA:34,16
DA:37,16
DA:40,15
DA:43,12
DA:44,4
DA:45,4
DA:46,8
DA:49,8
DA:50,61
DA:51,58
DA:52,33
DA:54,5
DA:62,14
DA:63,14
DA:64,14
DA:65,14
DA:66,14
DA:69,14
DA:72,13
DA:75,10
DA:76,63
DA:77,61
DA:78,52
DA:79,38
DA:80,29
DA:82,8
DA:92,12
DA:93,56
DA:95,6
DA:105,9
DA:107,24
DA:109,9
DA:112,3
DA:113,3
DA:115,1
DA:120,3
DA:128,0
DA:130,0
DA:131,0
DA:135,1
LF:46
LH:43
BRDA:37,0,0,1
BRDA:37,0,1,15
BRDA:37,1,0,16
BRDA:37,1,1,15
BRDA:40,2,0,3
BRDA:40,2,1,12
BRDA:40,3,0,15
BRDA:40,3,1,13
BRDA:43,4,0,4
BRDA:43,4,1,8
BRDA:50,5,0,3
BRDA:50,5,1,58
BRDA:51,6,0,25
BRDA:51,6,1,33
BRDA:54,7,0,5
BRDA:54,7,1,5
BRDA:69,8,0,1
BRDA:69,8,1,13
BRDA:69,9,0,14
BRDA:69,9,1,13
BRDA:72,10,0,3
BRDA:72,10,1,10
BRDA:72,11,0,13
BRDA:72,11,1,11
BRDA:76,12,0,2
BRDA:76,12,1,61
BRDA:77,13,0,9
BRDA:77,13,1,52
BRDA:78,14,0,14
BRDA:78,14,1,38
BRDA:79,15,0,9
BRDA:79,15,1,29
BRDA:82,16,0,8
BRDA:82,16,1,8
BRDA:82,16,2,7
BRDA:82,16,3,6
BRDA:93,17,0,6
BRDA:93,17,1,50
BRDA:107,18,0,9
BRDA:107,18,1,15
BRDA:109,19,0,6
BRDA:109,19,1,3
BRDA:113,20,0,1
BRDA:113,20,1,2
BRF:44
BRH:44
end_of_record
